Copyright 1986-2022 Xilinx, Inc. All Rights Reserved. Copyright 2022-2025 Advanced Micro Devices, Inc. All Rights Reserved.
---------------------------------------------------------------------------------------------------------------------------------------------------------------------------------------------------------------------
| Tool Version : Vivado v.2025.2 (win64) Build 6299465 Fri Nov 14 19:35:11 GMT 2025
| Date         : Tue Mar 24 11:08:31 2026
| Host         : Phantom running 64-bit major release  (build 9200)
| Command      : report_timing_summary -max_paths 10 -routable_nets -report_unconstrained -file fsm_timing_summary_routed.rpt -pb fsm_timing_summary_routed.pb -rpx fsm_timing_summary_routed.rpx -warn_on_violation
| Design       : fsm
| Device       : 7a100t-csg324
| Speed File   : -1  PRODUCTION 1.23 2018-06-13
| Design State : Routed
---------------------------------------------------------------------------------------------------------------------------------------------------------------------------------------------------------------------

Timing Summary Report

------------------------------------------------------------------------------------------------
| Timer Settings
| --------------
------------------------------------------------------------------------------------------------

  Enable Multi Corner Analysis               :  Yes
  Enable Pessimism Removal                   :  Yes
  Pessimism Removal Resolution               :  Nearest Common Node
  Enable Input Delay Default Clock           :  No
  Enable Preset / Clear Arcs                 :  No
  Disable Flight Delays                      :  No
  Ignore I/O Paths                           :  No
  Timing Early Launch at Borrowing Latches   :  No
  Borrow Time for Max Delay Exceptions       :  Yes
  Merge Timing Exceptions                    :  Yes
  Inter-SLR Compensation                     :  Conservative

  Corner  Analyze    Analyze    
  Name    Max Paths  Min Paths  
  ------  ---------  ---------  
  Slow    Yes        Yes        
  Fast    Yes        Yes        


------------------------------------------------------------------------------------------------
| Report Methodology
| ------------------
------------------------------------------------------------------------------------------------

Rule       Severity  Description                    Violations  
---------  --------  -----------------------------  ----------  
TIMING-18  Warning   Missing input or output delay  3           

Note: This report is based on the most recent report_methodology run and may not be up-to-date. Run report_methodology on the current design for the latest report.



check_timing report

Table of Contents
-----------------
1. checking no_clock (0)
2. checking constant_clock (0)
3. checking pulse_width_clock (0)
4. checking unconstrained_internal_endpoints (0)
5. checking no_input_delay (2)
6. checking no_output_delay (1)
7. checking multiple_clock (0)
8. checking generated_clocks (0)
9. checking loops (0)
10. checking partial_input_delay (0)
11. checking partial_output_delay (0)
12. checking latch_loops (0)

1. checking no_clock (0)
------------------------
 There are 0 register/latch pins with no clock.


2. checking constant_clock (0)
------------------------------
 There are 0 register/latch pins with constant_clock.


3. checking pulse_width_clock (0)
---------------------------------
 There are 0 register/latch pins which need pulse_width check


4. checking unconstrained_internal_endpoints (0)
------------------------------------------------
 There are 0 pins that are not constrained for maximum delay.

 There are 0 pins that are not constrained for maximum delay due to constant clock.


5. checking no_input_delay (2)
------------------------------
 There are 2 input ports with no input delay specified. (HIGH)

 There are 0 input ports with no input delay but user has a false path constraint.


6. checking no_output_delay (1)
-------------------------------
 There is 1 port with no output delay specified. (HIGH)

 There are 0 ports with no output delay but user has a false path constraint

 There are 0 ports with no output delay but with a timing clock defined on it or propagating through it


7. checking multiple_clock (0)
------------------------------
 There are 0 register/latch pins with multiple clocks.


8. checking generated_clocks (0)
--------------------------------
 There are 0 generated clocks that are not connected to a clock source.


9. checking loops (0)
---------------------
 There are 0 combinational loops in the design.


10. checking partial_input_delay (0)
------------------------------------
 There are 0 input ports with partial input delay specified.


11. checking partial_output_delay (0)
-------------------------------------
 There are 0 ports with partial output delay specified.


12. checking latch_loops (0)
----------------------------
 There are 0 combinational latch loops in the design through latch input



------------------------------------------------------------------------------------------------
| Design Timing Summary
| ---------------------
------------------------------------------------------------------------------------------------

    WNS(ns)      TNS(ns)  TNS Failing Endpoints  TNS Total Endpoints      WHS(ns)      THS(ns)  THS Failing Endpoints  THS Total Endpoints     WPWS(ns)     TPWS(ns)  TPWS Failing Endpoints  TPWS Total Endpoints  
    -------      -------  ---------------------  -------------------      -------      -------  ---------------------  -------------------     --------     --------  ----------------------  --------------------  
      8.416        0.000                      0                    3        0.190        0.000                      0                    3        4.500        0.000                       0                     4  


All user specified timing constraints are met.


------------------------------------------------------------------------------------------------
| Clock Summary
| -------------
------------------------------------------------------------------------------------------------

Clock  Waveform(ns)       Period(ns)      Frequency(MHz)
-----  ------------       ----------      --------------
clk    {0.000 5.000}      10.000          100.000         


------------------------------------------------------------------------------------------------
| Intra Clock Table
| -----------------
------------------------------------------------------------------------------------------------

Clock             WNS(ns)      TNS(ns)  TNS Failing Endpoints  TNS Total Endpoints      WHS(ns)      THS(ns)  THS Failing Endpoints  THS Total Endpoints     WPWS(ns)     TPWS(ns)  TPWS Failing Endpoints  TPWS Total Endpoints  
-----             -------      -------  ---------------------  -------------------      -------      -------  ---------------------  -------------------     --------     --------  ----------------------  --------------------  
clk                 8.416        0.000                      0                    3        0.190        0.000                      0                    3        4.500        0.000                       0                     4  


------------------------------------------------------------------------------------------------
| Inter Clock Table
| -----------------
------------------------------------------------------------------------------------------------

From Clock    To Clock          WNS(ns)      TNS(ns)  TNS Failing Endpoints  TNS Total Endpoints      WHS(ns)      THS(ns)  THS Failing Endpoints  THS Total Endpoints  
----------    --------          -------      -------  ---------------------  -------------------      -------      -------  ---------------------  -------------------  


------------------------------------------------------------------------------------------------
| Other Path Groups Table
| -----------------------
------------------------------------------------------------------------------------------------

Path Group    From Clock    To Clock          WNS(ns)      TNS(ns)  TNS Failing Endpoints  TNS Total Endpoints      WHS(ns)      THS(ns)  THS Failing Endpoints  THS Total Endpoints  
----------    ----------    --------          -------      -------  ---------------------  -------------------      -------      -------  ---------------------  -------------------  


------------------------------------------------------------------------------------------------
| User Ignored Path Table
| -----------------------
------------------------------------------------------------------------------------------------

Path Group    From Clock    To Clock    
----------    ----------    --------    


------------------------------------------------------------------------------------------------
| Unconstrained Path Table
| ------------------------
------------------------------------------------------------------------------------------------

Path Group    From Clock    To Clock    
----------    ----------    --------    
(none)        clk                         
(none)                      clk           


------------------------------------------------------------------------------------------------
| Timing Details
| --------------
------------------------------------------------------------------------------------------------


---------------------------------------------------------------------------------------------------
From Clock:  clk
  To Clock:  clk

Setup :            0  Failing Endpoints,  Worst Slack        8.416ns,  Total Violation        0.000ns
Hold  :            0  Failing Endpoints,  Worst Slack        0.190ns,  Total Violation        0.000ns
PW    :            0  Failing Endpoints,  Worst Slack        4.500ns,  Total Violation        0.000ns
---------------------------------------------------------------------------------------------------


Max Delay Paths
--------------------------------------------------------------------------------------
Slack (MET) :             8.416ns  (required time - arrival time)
  Source:                 FSM_sequential_state_reg[1]/C
                            (rising edge-triggered cell FDRE clocked by clk  {rise@0.000ns fall@5.000ns period=10.000ns})
  Destination:            FSM_sequential_state_reg[0]/D
                            (rising edge-triggered cell FDRE clocked by clk  {rise@0.000ns fall@5.000ns period=10.000ns})
  Path Group:             clk
  Path Type:              Setup (Max at Slow Process Corner)
  Requirement:            10.000ns  (clk rise@10.000ns - clk rise@0.000ns)
  Data Path Delay:        1.578ns  (logic 0.718ns (45.498%)  route 0.860ns (54.502%))
  Logic Levels:           1  (LUT4=1)
  Clock Path Skew:        0.000ns (DCD - SCD + CPR)
    Destination Clock Delay (DCD):    5.017ns = ( 15.017 - 10.000 ) 
    Source Clock Delay      (SCD):    5.318ns
    Clock Pessimism Removal (CPR):    0.300ns
  Clock Uncertainty:      0.035ns  ((TSJ^2 + TIJ^2)^1/2 + DJ) / 2 + PE
    Total System Jitter     (TSJ):    0.071ns
    Total Input Jitter      (TIJ):    0.000ns
    Discrete Jitter          (DJ):    0.000ns
    Phase Error              (PE):    0.000ns

    Location             Delay type                Incr(ns)  Path(ns)    Netlist Resource(s)
  -------------------------------------------------------------------    -------------------
                         (clock clk rise edge)        0.000     0.000 r  
    E15                                               0.000     0.000 r  clk (IN)
                         net (fo=0)                   0.000     0.000    clk
    E15                  IBUF (Prop_ibuf_I_O)         1.480     1.480 r  clk_IBUF_inst/O
                         net (fo=1, routed)           2.016     3.495    clk_IBUF
    BUFGCTRL_X0Y16       BUFG (Prop_bufg_I_O)         0.096     3.591 r  clk_IBUF_BUFG_inst/O
                         net (fo=3, routed)           1.726     5.318    clk_IBUF_BUFG
    SLICE_X1Y51          FDRE                                         r  FSM_sequential_state_reg[1]/C
  -------------------------------------------------------------------    -------------------
    SLICE_X1Y51          FDRE (Prop_fdre_C_Q)         0.419     5.737 r  FSM_sequential_state_reg[1]/Q
                         net (fo=3, routed)           0.860     6.597    state[1]
    SLICE_X1Y51          LUT4 (Prop_lut4_I1_O)        0.299     6.896 r  FSM_sequential_state[0]_i_1/O
                         net (fo=1, routed)           0.000     6.896    FSM_sequential_state[0]_i_1_n_0
    SLICE_X1Y51          FDRE                                         r  FSM_sequential_state_reg[0]/D
  -------------------------------------------------------------------    -------------------

                         (clock clk rise edge)       10.000    10.000 r  
    E15                                               0.000    10.000 r  clk (IN)
                         net (fo=0)                   0.000    10.000    clk
    E15                  IBUF (Prop_ibuf_I_O)         1.409    11.409 r  clk_IBUF_inst/O
                         net (fo=1, routed)           1.911    13.320    clk_IBUF
    BUFGCTRL_X0Y16       BUFG (Prop_bufg_I_O)         0.091    13.411 r  clk_IBUF_BUFG_inst/O
                         net (fo=3, routed)           1.606    15.017    clk_IBUF_BUFG
    SLICE_X1Y51          FDRE                                         r  FSM_sequential_state_reg[0]/C
                         clock pessimism              0.300    15.318    
                         clock uncertainty           -0.035    15.282    
    SLICE_X1Y51          FDRE (Setup_fdre_C_D)        0.029    15.311    FSM_sequential_state_reg[0]
  -------------------------------------------------------------------
                         required time                         15.311    
                         arrival time                          -6.896    
  -------------------------------------------------------------------
                         slack                                  8.416    

Slack (MET) :             8.434ns  (required time - arrival time)
  Source:                 FSM_sequential_state_reg[1]/C
                            (rising edge-triggered cell FDRE clocked by clk  {rise@0.000ns fall@5.000ns period=10.000ns})
  Destination:            FSM_sequential_state_reg[1]/D
                            (rising edge-triggered cell FDRE clocked by clk  {rise@0.000ns fall@5.000ns period=10.000ns})
  Path Group:             clk
  Path Type:              Setup (Max at Slow Process Corner)
  Requirement:            10.000ns  (clk rise@10.000ns - clk rise@0.000ns)
  Data Path Delay:        1.606ns  (logic 0.746ns (46.448%)  route 0.860ns (53.552%))
  Logic Levels:           1  (LUT4=1)
  Clock Path Skew:        0.000ns (DCD - SCD + CPR)
    Destination Clock Delay (DCD):    5.017ns = ( 15.017 - 10.000 ) 
    Source Clock Delay      (SCD):    5.318ns
    Clock Pessimism Removal (CPR):    0.300ns
  Clock Uncertainty:      0.035ns  ((TSJ^2 + TIJ^2)^1/2 + DJ) / 2 + PE
    Total System Jitter     (TSJ):    0.071ns
    Total Input Jitter      (TIJ):    0.000ns
    Discrete Jitter          (DJ):    0.000ns
    Phase Error              (PE):    0.000ns

    Location             Delay type                Incr(ns)  Path(ns)    Netlist Resource(s)
  -------------------------------------------------------------------    -------------------
                         (clock clk rise edge)        0.000     0.000 r  
    E15                                               0.000     0.000 r  clk (IN)
                         net (fo=0)                   0.000     0.000    clk
    E15                  IBUF (Prop_ibuf_I_O)         1.480     1.480 r  clk_IBUF_inst/O
                         net (fo=1, routed)           2.016     3.495    clk_IBUF
    BUFGCTRL_X0Y16       BUFG (Prop_bufg_I_O)         0.096     3.591 r  clk_IBUF_BUFG_inst/O
                         net (fo=3, routed)           1.726     5.318    clk_IBUF_BUFG
    SLICE_X1Y51          FDRE                                         r  FSM_sequential_state_reg[1]/C
  -------------------------------------------------------------------    -------------------
    SLICE_X1Y51          FDRE (Prop_fdre_C_Q)         0.419     5.737 r  FSM_sequential_state_reg[1]/Q
                         net (fo=3, routed)           0.860     6.597    state[1]
    SLICE_X1Y51          LUT4 (Prop_lut4_I1_O)        0.327     6.924 r  FSM_sequential_state[1]_i_1/O
                         net (fo=1, routed)           0.000     6.924    FSM_sequential_state[1]_i_1_n_0
    SLICE_X1Y51          FDRE                                         r  FSM_sequential_state_reg[1]/D
  -------------------------------------------------------------------    -------------------

                         (clock clk rise edge)       10.000    10.000 r  
    E15                                               0.000    10.000 r  clk (IN)
                         net (fo=0)                   0.000    10.000    clk
    E15                  IBUF (Prop_ibuf_I_O)         1.409    11.409 r  clk_IBUF_inst/O
                         net (fo=1, routed)           1.911    13.320    clk_IBUF
    BUFGCTRL_X0Y16       BUFG (Prop_bufg_I_O)         0.091    13.411 r  clk_IBUF_BUFG_inst/O
                         net (fo=3, routed)           1.606    15.017    clk_IBUF_BUFG
    SLICE_X1Y51          FDRE                                         r  FSM_sequential_state_reg[1]/C
                         clock pessimism              0.300    15.318    
                         clock uncertainty           -0.035    15.282    
    SLICE_X1Y51          FDRE (Setup_fdre_C_D)        0.075    15.357    FSM_sequential_state_reg[1]
  -------------------------------------------------------------------
                         required time                         15.357    
                         arrival time                          -6.924    
  -------------------------------------------------------------------
                         slack                                  8.434    

Slack (MET) :             8.605ns  (required time - arrival time)
  Source:                 FSM_sequential_state_reg[1]/C
                            (rising edge-triggered cell FDRE clocked by clk  {rise@0.000ns fall@5.000ns period=10.000ns})
  Destination:            dout_reg/D
                            (rising edge-triggered cell FDRE clocked by clk  {rise@0.000ns fall@5.000ns period=10.000ns})
  Path Group:             clk
  Path Type:              Setup (Max at Slow Process Corner)
  Requirement:            10.000ns  (clk rise@10.000ns - clk rise@0.000ns)
  Data Path Delay:        1.366ns  (logic 0.718ns (52.555%)  route 0.648ns (47.445%))
  Logic Levels:           1  (LUT3=1)
  Clock Path Skew:        -0.022ns (DCD - SCD + CPR)
    Destination Clock Delay (DCD):    5.017ns = ( 15.017 - 10.000 ) 
    Source Clock Delay      (SCD):    5.318ns
    Clock Pessimism Removal (CPR):    0.278ns
  Clock Uncertainty:      0.035ns  ((TSJ^2 + TIJ^2)^1/2 + DJ) / 2 + PE
    Total System Jitter     (TSJ):    0.071ns
    Total Input Jitter      (TIJ):    0.000ns
    Discrete Jitter          (DJ):    0.000ns
    Phase Error              (PE):    0.000ns

    Location             Delay type                Incr(ns)  Path(ns)    Netlist Resource(s)
  -------------------------------------------------------------------    -------------------
                         (clock clk rise edge)        0.000     0.000 r  
    E15                                               0.000     0.000 r  clk (IN)
                         net (fo=0)                   0.000     0.000    clk
    E15                  IBUF (Prop_ibuf_I_O)         1.480     1.480 r  clk_IBUF_inst/O
                         net (fo=1, routed)           2.016     3.495    clk_IBUF
    BUFGCTRL_X0Y16       BUFG (Prop_bufg_I_O)         0.096     3.591 r  clk_IBUF_BUFG_inst/O
                         net (fo=3, routed)           1.726     5.318    clk_IBUF_BUFG
    SLICE_X1Y51          FDRE                                         r  FSM_sequential_state_reg[1]/C
  -------------------------------------------------------------------    -------------------
    SLICE_X1Y51          FDRE (Prop_fdre_C_Q)         0.419     5.737 r  FSM_sequential_state_reg[1]/Q
                         net (fo=3, routed)           0.648     6.385    state[1]
    SLICE_X0Y51          LUT3 (Prop_lut3_I0_O)        0.299     6.684 r  dout_i_1/O
                         net (fo=1, routed)           0.000     6.684    dout_i_1_n_0
    SLICE_X0Y51          FDRE                                         r  dout_reg/D
  -------------------------------------------------------------------    -------------------

                         (clock clk rise edge)       10.000    10.000 r  
    E15                                               0.000    10.000 r  clk (IN)
                         net (fo=0)                   0.000    10.000    clk
    E15                  IBUF (Prop_ibuf_I_O)         1.409    11.409 r  clk_IBUF_inst/O
                         net (fo=1, routed)           1.911    13.320    clk_IBUF
    BUFGCTRL_X0Y16       BUFG (Prop_bufg_I_O)         0.091    13.411 r  clk_IBUF_BUFG_inst/O
                         net (fo=3, routed)           1.606    15.017    clk_IBUF_BUFG
    SLICE_X0Y51          FDRE                                         r  dout_reg/C
                         clock pessimism              0.278    15.296    
                         clock uncertainty           -0.035    15.260    
    SLICE_X0Y51          FDRE (Setup_fdre_C_D)        0.029    15.289    dout_reg
  -------------------------------------------------------------------
                         required time                         15.289    
                         arrival time                          -6.684    
  -------------------------------------------------------------------
                         slack                                  8.605    





Min Delay Paths
--------------------------------------------------------------------------------------
Slack (MET) :             0.190ns  (arrival time - required time)
  Source:                 FSM_sequential_state_reg[0]/C
                            (rising edge-triggered cell FDRE clocked by clk  {rise@0.000ns fall@5.000ns period=10.000ns})
  Destination:            dout_reg/D
                            (rising edge-triggered cell FDRE clocked by clk  {rise@0.000ns fall@5.000ns period=10.000ns})
  Path Group:             clk
  Path Type:              Hold (Min at Fast Process Corner)
  Requirement:            0.000ns  (clk rise@0.000ns - clk rise@0.000ns)
  Data Path Delay:        0.294ns  (logic 0.186ns (63.272%)  route 0.108ns (36.728%))
  Logic Levels:           1  (LUT3=1)
  Clock Path Skew:        0.013ns (DCD - SCD - CPR)
    Destination Clock Delay (DCD):    2.037ns
    Source Clock Delay      (SCD):    1.518ns
    Clock Pessimism Removal (CPR):    0.505ns

    Location             Delay type                Incr(ns)  Path(ns)    Netlist Resource(s)
  -------------------------------------------------------------------    -------------------
                         (clock clk rise edge)        0.000     0.000 r  
    E15                                               0.000     0.000 r  clk (IN)
                         net (fo=0)                   0.000     0.000    clk
    E15                  IBUF (Prop_ibuf_I_O)         0.247     0.247 r  clk_IBUF_inst/O
                         net (fo=1, routed)           0.640     0.888    clk_IBUF
    BUFGCTRL_X0Y16       BUFG (Prop_bufg_I_O)         0.026     0.914 r  clk_IBUF_BUFG_inst/O
                         net (fo=3, routed)           0.605     1.518    clk_IBUF_BUFG
    SLICE_X1Y51          FDRE                                         r  FSM_sequential_state_reg[0]/C
  -------------------------------------------------------------------    -------------------
    SLICE_X1Y51          FDRE (Prop_fdre_C_Q)         0.141     1.659 r  FSM_sequential_state_reg[0]/Q
                         net (fo=3, routed)           0.108     1.767    state[0]
    SLICE_X0Y51          LUT3 (Prop_lut3_I1_O)        0.045     1.812 r  dout_i_1/O
                         net (fo=1, routed)           0.000     1.812    dout_i_1_n_0
    SLICE_X0Y51          FDRE                                         r  dout_reg/D
  -------------------------------------------------------------------    -------------------

                         (clock clk rise edge)        0.000     0.000 r  
    E15                                               0.000     0.000 r  clk (IN)
                         net (fo=0)                   0.000     0.000    clk
    E15                  IBUF (Prop_ibuf_I_O)         0.435     0.435 r  clk_IBUF_inst/O
                         net (fo=1, routed)           0.695     1.130    clk_IBUF
    BUFGCTRL_X0Y16       BUFG (Prop_bufg_I_O)         0.029     1.159 r  clk_IBUF_BUFG_inst/O
                         net (fo=3, routed)           0.878     2.037    clk_IBUF_BUFG
    SLICE_X0Y51          FDRE                                         r  dout_reg/C
                         clock pessimism             -0.505     1.531    
    SLICE_X0Y51          FDRE (Hold_fdre_C_D)         0.091     1.622    dout_reg
  -------------------------------------------------------------------
                         required time                         -1.622    
                         arrival time                           1.812    
  -------------------------------------------------------------------
                         slack                                  0.190    

Slack (MET) :             0.243ns  (arrival time - required time)
  Source:                 FSM_sequential_state_reg[0]/C
                            (rising edge-triggered cell FDRE clocked by clk  {rise@0.000ns fall@5.000ns period=10.000ns})
  Destination:            FSM_sequential_state_reg[1]/D
                            (rising edge-triggered cell FDRE clocked by clk  {rise@0.000ns fall@5.000ns period=10.000ns})
  Path Group:             clk
  Path Type:              Hold (Min at Fast Process Corner)
  Requirement:            0.000ns  (clk rise@0.000ns - clk rise@0.000ns)
  Data Path Delay:        0.350ns  (logic 0.183ns (52.255%)  route 0.167ns (47.745%))
  Logic Levels:           1  (LUT4=1)
  Clock Path Skew:        0.000ns (DCD - SCD - CPR)
    Destination Clock Delay (DCD):    2.037ns
    Source Clock Delay      (SCD):    1.518ns
    Clock Pessimism Removal (CPR):    0.518ns

    Location             Delay type                Incr(ns)  Path(ns)    Netlist Resource(s)
  -------------------------------------------------------------------    -------------------
                         (clock clk rise edge)        0.000     0.000 r  
    E15                                               0.000     0.000 r  clk (IN)
                         net (fo=0)                   0.000     0.000    clk
    E15                  IBUF (Prop_ibuf_I_O)         0.247     0.247 r  clk_IBUF_inst/O
                         net (fo=1, routed)           0.640     0.888    clk_IBUF
    BUFGCTRL_X0Y16       BUFG (Prop_bufg_I_O)         0.026     0.914 r  clk_IBUF_BUFG_inst/O
                         net (fo=3, routed)           0.605     1.518    clk_IBUF_BUFG
    SLICE_X1Y51          FDRE                                         r  FSM_sequential_state_reg[0]/C
  -------------------------------------------------------------------    -------------------
    SLICE_X1Y51          FDRE (Prop_fdre_C_Q)         0.141     1.659 r  FSM_sequential_state_reg[0]/Q
                         net (fo=3, routed)           0.167     1.826    state[0]
    SLICE_X1Y51          LUT4 (Prop_lut4_I2_O)        0.042     1.868 r  FSM_sequential_state[1]_i_1/O
                         net (fo=1, routed)           0.000     1.868    FSM_sequential_state[1]_i_1_n_0
    SLICE_X1Y51          FDRE                                         r  FSM_sequential_state_reg[1]/D
  -------------------------------------------------------------------    -------------------

                         (clock clk rise edge)        0.000     0.000 r  
    E15                                               0.000     0.000 r  clk (IN)
                         net (fo=0)                   0.000     0.000    clk
    E15                  IBUF (Prop_ibuf_I_O)         0.435     0.435 r  clk_IBUF_inst/O
                         net (fo=1, routed)           0.695     1.130    clk_IBUF
    BUFGCTRL_X0Y16       BUFG (Prop_bufg_I_O)         0.029     1.159 r  clk_IBUF_BUFG_inst/O
                         net (fo=3, routed)           0.878     2.037    clk_IBUF_BUFG
    SLICE_X1Y51          FDRE                                         r  FSM_sequential_state_reg[1]/C
                         clock pessimism             -0.518     1.518    
    SLICE_X1Y51          FDRE (Hold_fdre_C_D)         0.107     1.625    FSM_sequential_state_reg[1]
  -------------------------------------------------------------------
                         required time                         -1.625    
                         arrival time                           1.868    
  -------------------------------------------------------------------
                         slack                                  0.243    

Slack (MET) :             0.262ns  (arrival time - required time)
  Source:                 FSM_sequential_state_reg[0]/C
                            (rising edge-triggered cell FDRE clocked by clk  {rise@0.000ns fall@5.000ns period=10.000ns})
  Destination:            FSM_sequential_state_reg[0]/D
                            (rising edge-triggered cell FDRE clocked by clk  {rise@0.000ns fall@5.000ns period=10.000ns})
  Path Group:             clk
  Path Type:              Hold (Min at Fast Process Corner)
  Requirement:            0.000ns  (clk rise@0.000ns - clk rise@0.000ns)
  Data Path Delay:        0.353ns  (logic 0.186ns (52.660%)  route 0.167ns (47.340%))
  Logic Levels:           1  (LUT4=1)
  Clock Path Skew:        0.000ns (DCD - SCD - CPR)
    Destination Clock Delay (DCD):    2.037ns
    Source Clock Delay      (SCD):    1.518ns
    Clock Pessimism Removal (CPR):    0.518ns

    Location             Delay type                Incr(ns)  Path(ns)    Netlist Resource(s)
  -------------------------------------------------------------------    -------------------
                         (clock clk rise edge)        0.000     0.000 r  
    E15                                               0.000     0.000 r  clk (IN)
                         net (fo=0)                   0.000     0.000    clk
    E15                  IBUF (Prop_ibuf_I_O)         0.247     0.247 r  clk_IBUF_inst/O
                         net (fo=1, routed)           0.640     0.888    clk_IBUF
    BUFGCTRL_X0Y16       BUFG (Prop_bufg_I_O)         0.026     0.914 r  clk_IBUF_BUFG_inst/O
                         net (fo=3, routed)           0.605     1.518    clk_IBUF_BUFG
    SLICE_X1Y51          FDRE                                         r  FSM_sequential_state_reg[0]/C
  -------------------------------------------------------------------    -------------------
    SLICE_X1Y51          FDRE (Prop_fdre_C_Q)         0.141     1.659 f  FSM_sequential_state_reg[0]/Q
                         net (fo=3, routed)           0.167     1.826    state[0]
    SLICE_X1Y51          LUT4 (Prop_lut4_I2_O)        0.045     1.871 r  FSM_sequential_state[0]_i_1/O
                         net (fo=1, routed)           0.000     1.871    FSM_sequential_state[0]_i_1_n_0
    SLICE_X1Y51          FDRE                                         r  FSM_sequential_state_reg[0]/D
  -------------------------------------------------------------------    -------------------

                         (clock clk rise edge)        0.000     0.000 r  
    E15                                               0.000     0.000 r  clk (IN)
                         net (fo=0)                   0.000     0.000    clk
    E15                  IBUF (Prop_ibuf_I_O)         0.435     0.435 r  clk_IBUF_inst/O
                         net (fo=1, routed)           0.695     1.130    clk_IBUF
    BUFGCTRL_X0Y16       BUFG (Prop_bufg_I_O)         0.029     1.159 r  clk_IBUF_BUFG_inst/O
                         net (fo=3, routed)           0.878     2.037    clk_IBUF_BUFG
    SLICE_X1Y51          FDRE                                         r  FSM_sequential_state_reg[0]/C
                         clock pessimism             -0.518     1.518    
    SLICE_X1Y51          FDRE (Hold_fdre_C_D)         0.091     1.609    FSM_sequential_state_reg[0]
  -------------------------------------------------------------------
                         required time                         -1.609    
                         arrival time                           1.871    
  -------------------------------------------------------------------
                         slack                                  0.262    





Pulse Width Checks
--------------------------------------------------------------------------------------
Clock Name:         clk
Waveform(ns):       { 0.000 5.000 }
Period(ns):         10.000
Sources:            { clk }

Check Type        Corner  Lib Pin  Reference Pin  Required(ns)  Actual(ns)  Slack(ns)  Location        Pin
Min Period        n/a     BUFG/I   n/a            2.155         10.000      7.845      BUFGCTRL_X0Y16  clk_IBUF_BUFG_inst/I
Min Period        n/a     FDRE/C   n/a            1.000         10.000      9.000      SLICE_X1Y51     FSM_sequential_state_reg[0]/C
Min Period        n/a     FDRE/C   n/a            1.000         10.000      9.000      SLICE_X1Y51     FSM_sequential_state_reg[1]/C
Min Period        n/a     FDRE/C   n/a            1.000         10.000      9.000      SLICE_X0Y51     dout_reg/C
Low Pulse Width   Slow    FDRE/C   n/a            0.500         5.000       4.500      SLICE_X1Y51     FSM_sequential_state_reg[0]/C
Low Pulse Width   Fast    FDRE/C   n/a            0.500         5.000       4.500      SLICE_X1Y51     FSM_sequential_state_reg[0]/C
Low Pulse Width   Slow    FDRE/C   n/a            0.500         5.000       4.500      SLICE_X1Y51     FSM_sequential_state_reg[1]/C
Low Pulse Width   Fast    FDRE/C   n/a            0.500         5.000       4.500      SLICE_X1Y51     FSM_sequential_state_reg[1]/C
Low Pulse Width   Slow    FDRE/C   n/a            0.500         5.000       4.500      SLICE_X0Y51     dout_reg/C
Low Pulse Width   Fast    FDRE/C   n/a            0.500         5.000       4.500      SLICE_X0Y51     dout_reg/C
High Pulse Width  Slow    FDRE/C   n/a            0.500         5.000       4.500      SLICE_X1Y51     FSM_sequential_state_reg[0]/C
High Pulse Width  Fast    FDRE/C   n/a            0.500         5.000       4.500      SLICE_X1Y51     FSM_sequential_state_reg[0]/C
High Pulse Width  Slow    FDRE/C   n/a            0.500         5.000       4.500      SLICE_X1Y51     FSM_sequential_state_reg[1]/C
High Pulse Width  Fast    FDRE/C   n/a            0.500         5.000       4.500      SLICE_X1Y51     FSM_sequential_state_reg[1]/C
High Pulse Width  Slow    FDRE/C   n/a            0.500         5.000       4.500      SLICE_X0Y51     dout_reg/C
High Pulse Width  Fast    FDRE/C   n/a            0.500         5.000       4.500      SLICE_X0Y51     dout_reg/C



--------------------------------------------------------------------------------------
Path Group:  (none)
From Clock:  clk
  To Clock:  

Max Delay             1 Endpoint
Min Delay             1 Endpoint
--------------------------------------------------------------------------------------


Max Delay Paths
--------------------------------------------------------------------------------------
Slack:                    inf
  Source:                 dout_reg/C
                            (rising edge-triggered cell FDRE clocked by clk  {rise@0.000ns fall@5.000ns period=10.000ns})
  Destination:            dout
                            (output port)
  Path Group:             (none)
  Path Type:              Max at Slow Process Corner
  Data Path Delay:        4.795ns  (logic 3.123ns (65.133%)  route 1.672ns (34.867%))
  Logic Levels:           1  (OBUF=1)
  Clock Uncertainty:      0.025ns  ((TSJ^2 + TIJ^2)^1/2 + DJ) / 2 + PE
    Total System Jitter     (TSJ):    0.050ns
    Total Input Jitter      (TIJ):    0.000ns
    Discrete Jitter          (DJ):    0.000ns
    Phase Error              (PE):    0.000ns

    Location             Delay type                Incr(ns)  Path(ns)    Netlist Resource(s)
  -------------------------------------------------------------------    -------------------
                         (clock clk rise edge)        0.000     0.000 r  
    E15                                               0.000     0.000 r  clk (IN)
                         net (fo=0)                   0.000     0.000    clk
    E15                  IBUF (Prop_ibuf_I_O)         1.480     1.480 r  clk_IBUF_inst/O
                         net (fo=1, routed)           2.016     3.495    clk_IBUF
    BUFGCTRL_X0Y16       BUFG (Prop_bufg_I_O)         0.096     3.591 r  clk_IBUF_BUFG_inst/O
                         net (fo=3, routed)           1.726     5.318    clk_IBUF_BUFG
    SLICE_X0Y51          FDRE                                         r  dout_reg/C
  -------------------------------------------------------------------    -------------------
    SLICE_X0Y51          FDRE (Prop_fdre_C_Q)         0.456     5.774 r  dout_reg/Q
                         net (fo=1, routed)           1.672     7.446    dout_OBUF
    T9                   OBUF (Prop_obuf_I_O)         2.667    10.113 r  dout_OBUF_inst/O
                         net (fo=0)                   0.000    10.113    dout
    T9                                                                r  dout (OUT)
  -------------------------------------------------------------------    -------------------





Min Delay Paths
--------------------------------------------------------------------------------------
Slack:                    inf
  Source:                 dout_reg/C
                            (rising edge-triggered cell FDRE clocked by clk  {rise@0.000ns fall@5.000ns period=10.000ns})
  Destination:            dout
                            (output port)
  Path Group:             (none)
  Path Type:              Min at Fast Process Corner
  Data Path Delay:        1.648ns  (logic 1.325ns (80.399%)  route 0.323ns (19.601%))
  Logic Levels:           1  (OBUF=1)
  Clock Uncertainty:      0.025ns  ((TSJ^2 + TIJ^2)^1/2 + DJ) / 2 + PE
    Total System Jitter     (TSJ):    0.050ns
    Total Input Jitter      (TIJ):    0.000ns
    Discrete Jitter          (DJ):    0.000ns
    Phase Error              (PE):    0.000ns

    Location             Delay type                Incr(ns)  Path(ns)    Netlist Resource(s)
  -------------------------------------------------------------------    -------------------
                         (clock clk rise edge)        0.000     0.000 r  
    E15                                               0.000     0.000 r  clk (IN)
                         net (fo=0)                   0.000     0.000    clk
    E15                  IBUF (Prop_ibuf_I_O)         0.247     0.247 r  clk_IBUF_inst/O
                         net (fo=1, routed)           0.640     0.888    clk_IBUF
    BUFGCTRL_X0Y16       BUFG (Prop_bufg_I_O)         0.026     0.914 r  clk_IBUF_BUFG_inst/O
                         net (fo=3, routed)           0.605     1.518    clk_IBUF_BUFG
    SLICE_X0Y51          FDRE                                         r  dout_reg/C
  -------------------------------------------------------------------    -------------------
    SLICE_X0Y51          FDRE (Prop_fdre_C_Q)         0.141     1.659 r  dout_reg/Q
                         net (fo=1, routed)           0.323     1.982    dout_OBUF
    T9                   OBUF (Prop_obuf_I_O)         1.184     3.166 r  dout_OBUF_inst/O
                         net (fo=0)                   0.000     3.166    dout
    T9                                                                r  dout (OUT)
  -------------------------------------------------------------------    -------------------





--------------------------------------------------------------------------------------
Path Group:  (none)
From Clock:  
  To Clock:  clk

Max Delay             4 Endpoints
Min Delay             4 Endpoints
--------------------------------------------------------------------------------------


Max Delay Paths
--------------------------------------------------------------------------------------
Slack:                    inf
  Source:                 rst
                            (input port)
  Destination:            FSM_sequential_state_reg[1]/D
                            (rising edge-triggered cell FDRE clocked by clk  {rise@0.000ns fall@5.000ns period=10.000ns})
  Path Group:             (none)
  Path Type:              Setup (Max at Slow Process Corner)
  Data Path Delay:        2.533ns  (logic 1.159ns (45.768%)  route 1.374ns (54.232%))
  Logic Levels:           2  (IBUF=1 LUT4=1)
  Clock Path Skew:        5.017ns (DCD - SCD + CPR)
    Destination Clock Delay (DCD):    5.017ns
    Source Clock Delay      (SCD):    0.000ns
    Clock Pessimism Removal (CPR):    0.000ns
  Clock Uncertainty:      0.025ns  ((TSJ^2 + TIJ^2)^1/2 + DJ) / 2 + PE
    Total System Jitter     (TSJ):    0.050ns
    Total Input Jitter      (TIJ):    0.000ns
    Discrete Jitter          (DJ):    0.000ns
    Phase Error              (PE):    0.000ns

    Location             Delay type                Incr(ns)  Path(ns)    Netlist Resource(s)
  -------------------------------------------------------------------    -------------------
    T10                                               0.000     0.000 f  rst (IN)
                         net (fo=0)                   0.000     0.000    rst
    T10                  IBUF (Prop_ibuf_I_O)         1.007     1.007 f  rst_IBUF_inst/O
                         net (fo=3, routed)           1.374     2.381    rst_IBUF
    SLICE_X1Y51          LUT4 (Prop_lut4_I3_O)        0.152     2.533 r  FSM_sequential_state[1]_i_1/O
                         net (fo=1, routed)           0.000     2.533    FSM_sequential_state[1]_i_1_n_0
    SLICE_X1Y51          FDRE                                         r  FSM_sequential_state_reg[1]/D
  -------------------------------------------------------------------    -------------------

                         (clock clk rise edge)        0.000     0.000 r  
    E15                                               0.000     0.000 r  clk (IN)
                         net (fo=0)                   0.000     0.000    clk
    E15                  IBUF (Prop_ibuf_I_O)         1.409     1.409 r  clk_IBUF_inst/O
                         net (fo=1, routed)           1.911     3.320    clk_IBUF
    BUFGCTRL_X0Y16       BUFG (Prop_bufg_I_O)         0.091     3.411 r  clk_IBUF_BUFG_inst/O
                         net (fo=3, routed)           1.606     5.017    clk_IBUF_BUFG
    SLICE_X1Y51          FDRE                                         r  FSM_sequential_state_reg[1]/C

Slack:                    inf
  Source:                 rst
                            (input port)
  Destination:            FSM_sequential_state_reg[0]/D
                            (rising edge-triggered cell FDRE clocked by clk  {rise@0.000ns fall@5.000ns period=10.000ns})
  Path Group:             (none)
  Path Type:              Setup (Max at Slow Process Corner)
  Data Path Delay:        2.505ns  (logic 1.131ns (45.162%)  route 1.374ns (54.838%))
  Logic Levels:           2  (IBUF=1 LUT4=1)
  Clock Path Skew:        5.017ns (DCD - SCD + CPR)
    Destination Clock Delay (DCD):    5.017ns
    Source Clock Delay      (SCD):    0.000ns
    Clock Pessimism Removal (CPR):    0.000ns
  Clock Uncertainty:      0.025ns  ((TSJ^2 + TIJ^2)^1/2 + DJ) / 2 + PE
    Total System Jitter     (TSJ):    0.050ns
    Total Input Jitter      (TIJ):    0.000ns
    Discrete Jitter          (DJ):    0.000ns
    Phase Error              (PE):    0.000ns

    Location             Delay type                Incr(ns)  Path(ns)    Netlist Resource(s)
  -------------------------------------------------------------------    -------------------
    T10                                               0.000     0.000 f  rst (IN)
                         net (fo=0)                   0.000     0.000    rst
    T10                  IBUF (Prop_ibuf_I_O)         1.007     1.007 f  rst_IBUF_inst/O
                         net (fo=3, routed)           1.374     2.381    rst_IBUF
    SLICE_X1Y51          LUT4 (Prop_lut4_I3_O)        0.124     2.505 r  FSM_sequential_state[0]_i_1/O
                         net (fo=1, routed)           0.000     2.505    FSM_sequential_state[0]_i_1_n_0
    SLICE_X1Y51          FDRE                                         r  FSM_sequential_state_reg[0]/D
  -------------------------------------------------------------------    -------------------

                         (clock clk rise edge)        0.000     0.000 r  
    E15                                               0.000     0.000 r  clk (IN)
                         net (fo=0)                   0.000     0.000    clk
    E15                  IBUF (Prop_ibuf_I_O)         1.409     1.409 r  clk_IBUF_inst/O
                         net (fo=1, routed)           1.911     3.320    clk_IBUF
    BUFGCTRL_X0Y16       BUFG (Prop_bufg_I_O)         0.091     3.411 r  clk_IBUF_BUFG_inst/O
                         net (fo=3, routed)           1.606     5.017    clk_IBUF_BUFG
    SLICE_X1Y51          FDRE                                         r  FSM_sequential_state_reg[0]/C

Slack:                    inf
  Source:                 din
                            (input port)
  Destination:            dout_reg/D
                            (rising edge-triggered cell FDRE clocked by clk  {rise@0.000ns fall@5.000ns period=10.000ns})
  Path Group:             (none)
  Path Type:              Setup (Max at Slow Process Corner)
  Data Path Delay:        2.331ns  (logic 1.110ns (47.609%)  route 1.221ns (52.391%))
  Logic Levels:           2  (IBUF=1 LUT3=1)
  Clock Path Skew:        5.017ns (DCD - SCD + CPR)
    Destination Clock Delay (DCD):    5.017ns
    Source Clock Delay      (SCD):    0.000ns
    Clock Pessimism Removal (CPR):    0.000ns
  Clock Uncertainty:      0.025ns  ((TSJ^2 + TIJ^2)^1/2 + DJ) / 2 + PE
    Total System Jitter     (TSJ):    0.050ns
    Total Input Jitter      (TIJ):    0.000ns
    Discrete Jitter          (DJ):    0.000ns
    Phase Error              (PE):    0.000ns

    Location             Delay type                Incr(ns)  Path(ns)    Netlist Resource(s)
  -------------------------------------------------------------------    -------------------
    R10                                               0.000     0.000 r  din (IN)
                         net (fo=0)                   0.000     0.000    din
    R10                  IBUF (Prop_ibuf_I_O)         0.986     0.986 r  din_IBUF_inst/O
                         net (fo=3, routed)           1.221     2.207    din_IBUF
    SLICE_X0Y51          LUT3 (Prop_lut3_I2_O)        0.124     2.331 r  dout_i_1/O
                         net (fo=1, routed)           0.000     2.331    dout_i_1_n_0
    SLICE_X0Y51          FDRE                                         r  dout_reg/D
  -------------------------------------------------------------------    -------------------

                         (clock clk rise edge)        0.000     0.000 r  
    E15                                               0.000     0.000 r  clk (IN)
                         net (fo=0)                   0.000     0.000    clk
    E15                  IBUF (Prop_ibuf_I_O)         1.409     1.409 r  clk_IBUF_inst/O
                         net (fo=1, routed)           1.911     3.320    clk_IBUF
    BUFGCTRL_X0Y16       BUFG (Prop_bufg_I_O)         0.091     3.411 r  clk_IBUF_BUFG_inst/O
                         net (fo=3, routed)           1.606     5.017    clk_IBUF_BUFG
    SLICE_X0Y51          FDRE                                         r  dout_reg/C

Slack:                    inf
  Source:                 rst
                            (input port)
  Destination:            dout_reg/R
                            (rising edge-triggered cell FDRE clocked by clk  {rise@0.000ns fall@5.000ns period=10.000ns})
  Path Group:             (none)
  Path Type:              Setup (Max at Slow Process Corner)
  Data Path Delay:        1.920ns  (logic 1.007ns (52.454%)  route 0.913ns (47.546%))
  Logic Levels:           1  (IBUF=1)
  Clock Path Skew:        5.017ns (DCD - SCD + CPR)
    Destination Clock Delay (DCD):    5.017ns
    Source Clock Delay      (SCD):    0.000ns
    Clock Pessimism Removal (CPR):    0.000ns
  Clock Uncertainty:      0.025ns  ((TSJ^2 + TIJ^2)^1/2 + DJ) / 2 + PE
    Total System Jitter     (TSJ):    0.050ns
    Total Input Jitter      (TIJ):    0.000ns
    Discrete Jitter          (DJ):    0.000ns
    Phase Error              (PE):    0.000ns

    Location             Delay type                Incr(ns)  Path(ns)    Netlist Resource(s)
  -------------------------------------------------------------------    -------------------
    T10                                               0.000     0.000 r  rst (IN)
                         net (fo=0)                   0.000     0.000    rst
    T10                  IBUF (Prop_ibuf_I_O)         1.007     1.007 r  rst_IBUF_inst/O
                         net (fo=3, routed)           0.913     1.920    rst_IBUF
    SLICE_X0Y51          FDRE                                         r  dout_reg/R
  -------------------------------------------------------------------    -------------------

                         (clock clk rise edge)        0.000     0.000 r  
    E15                                               0.000     0.000 r  clk (IN)
                         net (fo=0)                   0.000     0.000    clk
    E15                  IBUF (Prop_ibuf_I_O)         1.409     1.409 r  clk_IBUF_inst/O
                         net (fo=1, routed)           1.911     3.320    clk_IBUF
    BUFGCTRL_X0Y16       BUFG (Prop_bufg_I_O)         0.091     3.411 r  clk_IBUF_BUFG_inst/O
                         net (fo=3, routed)           1.606     5.017    clk_IBUF_BUFG
    SLICE_X0Y51          FDRE                                         r  dout_reg/C





Min Delay Paths
--------------------------------------------------------------------------------------
Slack:                    inf
  Source:                 rst
                            (input port)
  Destination:            dout_reg/R
                            (rising edge-triggered cell FDRE clocked by clk  {rise@0.000ns fall@5.000ns period=10.000ns})
  Path Group:             (none)
  Path Type:              Hold (Min at Fast Process Corner)
  Data Path Delay:        0.599ns  (logic 0.236ns (39.366%)  route 0.363ns (60.634%))
  Logic Levels:           1  (IBUF=1)
  Clock Path Skew:        2.037ns (DCD - SCD - CPR)
    Destination Clock Delay (DCD):    2.037ns
    Source Clock Delay      (SCD):    0.000ns
    Clock Pessimism Removal (CPR):    -0.000ns

    Location             Delay type                Incr(ns)  Path(ns)    Netlist Resource(s)
  -------------------------------------------------------------------    -------------------
    T10                                               0.000     0.000 r  rst (IN)
                         net (fo=0)                   0.000     0.000    rst
    T10                  IBUF (Prop_ibuf_I_O)         0.236     0.236 r  rst_IBUF_inst/O
                         net (fo=3, routed)           0.363     0.599    rst_IBUF
    SLICE_X0Y51          FDRE                                         r  dout_reg/R
  -------------------------------------------------------------------    -------------------

                         (clock clk rise edge)        0.000     0.000 r  
    E15                                               0.000     0.000 r  clk (IN)
                         net (fo=0)                   0.000     0.000    clk
    E15                  IBUF (Prop_ibuf_I_O)         0.435     0.435 r  clk_IBUF_inst/O
                         net (fo=1, routed)           0.695     1.130    clk_IBUF
    BUFGCTRL_X0Y16       BUFG (Prop_bufg_I_O)         0.029     1.159 r  clk_IBUF_BUFG_inst/O
                         net (fo=3, routed)           0.878     2.037    clk_IBUF_BUFG
    SLICE_X0Y51          FDRE                                         r  dout_reg/C

Slack:                    inf
  Source:                 din
                            (input port)
  Destination:            FSM_sequential_state_reg[0]/D
                            (rising edge-triggered cell FDRE clocked by clk  {rise@0.000ns fall@5.000ns period=10.000ns})
  Path Group:             (none)
  Path Type:              Hold (Min at Fast Process Corner)
  Data Path Delay:        0.644ns  (logic 0.259ns (40.231%)  route 0.385ns (59.769%))
  Logic Levels:           2  (IBUF=1 LUT4=1)
  Clock Path Skew:        2.037ns (DCD - SCD - CPR)
    Destination Clock Delay (DCD):    2.037ns
    Source Clock Delay      (SCD):    0.000ns
    Clock Pessimism Removal (CPR):    -0.000ns

    Location             Delay type                Incr(ns)  Path(ns)    Netlist Resource(s)
  -------------------------------------------------------------------    -------------------
    R10                                               0.000     0.000 f  din (IN)
                         net (fo=0)                   0.000     0.000    din
    R10                  IBUF (Prop_ibuf_I_O)         0.214     0.214 f  din_IBUF_inst/O
                         net (fo=3, routed)           0.385     0.599    din_IBUF
    SLICE_X1Y51          LUT4 (Prop_lut4_I0_O)        0.045     0.644 r  FSM_sequential_state[0]_i_1/O
                         net (fo=1, routed)           0.000     0.644    FSM_sequential_state[0]_i_1_n_0
    SLICE_X1Y51          FDRE                                         r  FSM_sequential_state_reg[0]/D
  -------------------------------------------------------------------    -------------------

                         (clock clk rise edge)        0.000     0.000 r  
    E15                                               0.000     0.000 r  clk (IN)
                         net (fo=0)                   0.000     0.000    clk
    E15                  IBUF (Prop_ibuf_I_O)         0.435     0.435 r  clk_IBUF_inst/O
                         net (fo=1, routed)           0.695     1.130    clk_IBUF
    BUFGCTRL_X0Y16       BUFG (Prop_bufg_I_O)         0.029     1.159 r  clk_IBUF_BUFG_inst/O
                         net (fo=3, routed)           0.878     2.037    clk_IBUF_BUFG
    SLICE_X1Y51          FDRE                                         r  FSM_sequential_state_reg[0]/C

Slack:                    inf
  Source:                 din
                            (input port)
  Destination:            FSM_sequential_state_reg[1]/D
                            (rising edge-triggered cell FDRE clocked by clk  {rise@0.000ns fall@5.000ns period=10.000ns})
  Path Group:             (none)
  Path Type:              Hold (Min at Fast Process Corner)
  Data Path Delay:        0.647ns  (logic 0.262ns (40.508%)  route 0.385ns (59.492%))
  Logic Levels:           2  (IBUF=1 LUT4=1)
  Clock Path Skew:        2.037ns (DCD - SCD - CPR)
    Destination Clock Delay (DCD):    2.037ns
    Source Clock Delay      (SCD):    0.000ns
    Clock Pessimism Removal (CPR):    -0.000ns

    Location             Delay type                Incr(ns)  Path(ns)    Netlist Resource(s)
  -------------------------------------------------------------------    -------------------
    R10                                               0.000     0.000 r  din (IN)
                         net (fo=0)                   0.000     0.000    din
    R10                  IBUF (Prop_ibuf_I_O)         0.214     0.214 r  din_IBUF_inst/O
                         net (fo=3, routed)           0.385     0.599    din_IBUF
    SLICE_X1Y51          LUT4 (Prop_lut4_I0_O)        0.048     0.647 r  FSM_sequential_state[1]_i_1/O
                         net (fo=1, routed)           0.000     0.647    FSM_sequential_state[1]_i_1_n_0
    SLICE_X1Y51          FDRE                                         r  FSM_sequential_state_reg[1]/D
  -------------------------------------------------------------------    -------------------

                         (clock clk rise edge)        0.000     0.000 r  
    E15                                               0.000     0.000 r  clk (IN)
                         net (fo=0)                   0.000     0.000    clk
    E15                  IBUF (Prop_ibuf_I_O)         0.435     0.435 r  clk_IBUF_inst/O
                         net (fo=1, routed)           0.695     1.130    clk_IBUF
    BUFGCTRL_X0Y16       BUFG (Prop_bufg_I_O)         0.029     1.159 r  clk_IBUF_BUFG_inst/O
                         net (fo=3, routed)           0.878     2.037    clk_IBUF_BUFG
    SLICE_X1Y51          FDRE                                         r  FSM_sequential_state_reg[1]/C

Slack:                    inf
  Source:                 din
                            (input port)
  Destination:            dout_reg/D
                            (rising edge-triggered cell FDRE clocked by clk  {rise@0.000ns fall@5.000ns period=10.000ns})
  Path Group:             (none)
  Path Type:              Hold (Min at Fast Process Corner)
  Data Path Delay:        0.731ns  (logic 0.259ns (35.450%)  route 0.472ns (64.550%))
  Logic Levels:           2  (IBUF=1 LUT3=1)
  Clock Path Skew:        2.037ns (DCD - SCD - CPR)
    Destination Clock Delay (DCD):    2.037ns
    Source Clock Delay      (SCD):    0.000ns
    Clock Pessimism Removal (CPR):    -0.000ns

    Location             Delay type                Incr(ns)  Path(ns)    Netlist Resource(s)
  -------------------------------------------------------------------    -------------------
    R10                                               0.000     0.000 r  din (IN)
                         net (fo=0)                   0.000     0.000    din
    R10                  IBUF (Prop_ibuf_I_O)         0.214     0.214 r  din_IBUF_inst/O
                         net (fo=3, routed)           0.472     0.686    din_IBUF
    SLICE_X0Y51          LUT3 (Prop_lut3_I2_O)        0.045     0.731 r  dout_i_1/O
                         net (fo=1, routed)           0.000     0.731    dout_i_1_n_0
    SLICE_X0Y51          FDRE                                         r  dout_reg/D
  -------------------------------------------------------------------    -------------------

                         (clock clk rise edge)        0.000     0.000 r  
    E15                                               0.000     0.000 r  clk (IN)
                         net (fo=0)                   0.000     0.000    clk
    E15                  IBUF (Prop_ibuf_I_O)         0.435     0.435 r  clk_IBUF_inst/O
                         net (fo=1, routed)           0.695     1.130    clk_IBUF
    BUFGCTRL_X0Y16       BUFG (Prop_bufg_I_O)         0.029     1.159 r  clk_IBUF_BUFG_inst/O
                         net (fo=3, routed)           0.878     2.037    clk_IBUF_BUFG
    SLICE_X0Y51          FDRE                                         r  dout_reg/C





